<?xml version="1.0" encoding="UTF-8"?>
<testng-results ignored="0" total="1" passed="1" failed="0" skipped="0">
  <reporter-output>
  </reporter-output>
  <suite started-at="2023-10-15T11:09:14 IST" name="Suite" finished-at="2023-10-15T11:09:23 IST" duration-ms="9514">
    <groups>
    </groups>
    <test started-at="2023-10-15T11:09:14 IST" name="Test" finished-at="2023-10-15T11:09:23 IST" duration-ms="9514">
      <class name="test.myContact">
        <test-method is-config="true" signature="beforeTest(java.lang.String)[pri:0, instance:test.myContact@206a70ef]" started-at="2023-10-15T11:09:14 IST" name="beforeTest" finished-at="2023-10-15T11:09:18 IST" duration-ms="4728" status="PASS">
          <params>
            <param index="0">
              <value>
                <![CDATA[chrome]]>
              </value>
            </param>
          </params>
          <reporter-output>
          </reporter-output>
        </test-method> <!-- beforeTest -->
        <test-method is-config="true" signature="beforeClass()[pri:0, instance:test.myContact@206a70ef]" started-at="2023-10-15T11:09:18 IST" name="beforeClass" finished-at="2023-10-15T11:09:18 IST" duration-ms="3" status="PASS">
          <reporter-output>
          </reporter-output>
        </test-method> <!-- beforeClass -->
        <test-method signature="USER_LOGIN()[pri:0, instance:test.myContact@206a70ef]" started-at="2023-10-15T11:09:18 IST" name="USER_LOGIN" finished-at="2023-10-15T11:09:23 IST" duration-ms="4754" status="PASS">
          <reporter-output>
          </reporter-output>
        </test-method> <!-- USER_LOGIN -->
      </class> <!-- test.myContact -->
    </test> <!-- Test -->
  </suite> <!-- Suite -->
</testng-results>
