<?xml version="1.0" encoding="UTF-8"?>
<!-- Generated by org.testng.reporters.JUnitXMLReporter -->
<testsuite ignored="0" hostname="VIGNESH-DESKTOP-M7BTJCA" failures="2" tests="2" name="Test" time="0.074" errors="0" timestamp="2023-10-15T13:11:43 IST">
  <testcase classname="test.myContact" name="TC_002" time="0.026">
    <failure type="java.lang.NullPointerException" message="Cannot invoke &amp;quot;java.util.Properties.getProperty(String)&amp;quot; because &amp;quot;test.myContact.prop&amp;quot; is null">
      <![CDATA[java.lang.NullPointerException: Cannot invoke "java.util.Properties.getProperty(String)" because "test.myContact.prop" is null
at test.myContact.TC_002(myContact.java:41)
at java.base/java.util.ArrayList.forEach(ArrayList.java:1511)
... Removed 25 stack frames]]>
    </failure>
  </testcase> <!-- TC_002 -->
  <testcase classname="test.myContact" name="USER_LOGIN" time="0.003">
    <failure type="java.lang.NullPointerException" message="Cannot invoke &amp;quot;java.util.Properties.getProperty(String)&amp;quot; because &amp;quot;test.myContact.prop&amp;quot; is null">
      <![CDATA[java.lang.NullPointerException: Cannot invoke "java.util.Properties.getProperty(String)" because "test.myContact.prop" is null
at test.myContact.USER_LOGIN(myContact.java:30)
at java.base/java.util.ArrayList.forEach(ArrayList.java:1511)
... Removed 25 stack frames]]>
    </failure>
  </testcase> <!-- USER_LOGIN -->
</testsuite> <!-- Test -->
